<?xml version="1.0" encoding="UTF-8"?>
<!-- Generated by org.testng.reporters.JUnitXMLReporter -->
<testsuite ignored="0" hostname="DESKTOP-AM6U94K" failures="1" tests="3" name="Sample Test Case2" time="0.024" errors="0" timestamp="2022-11-11T19:20:18 IST">
  <testcase classname="com.mohs10.Report.TestNGExcelReport1" name="testMethodFail" time="0.002">
    <failure type="java.lang.AssertionError" message="expected [true] but found [false]">
      <![CDATA[java.lang.AssertionError: expected [true] but found [false]
at com.mohs10.Report.TestNGExcelReport1.testMethodFail(TestNGExcelReport1.java:18)
at java.base/java.util.ArrayList.forEach(ArrayList.java:1511)
... Removed 29 stack frames]]>
    </failure>
  </testcase> <!-- testMethodFail -->
  <testcase classname="com.mohs10.Report.TestNGExcelReport1" name="testMethodPass" time="0.007"/>
  <testcase classname="com.mohs10.Report.TestNGExcelReport1" name="testMethodSkip" time="0.002">
    <skipped/>
  </testcase> <!-- testMethodSkip -->
</testsuite> <!-- Sample Test Case2 -->
