<?xml version="1.0" encoding="UTF-8"?>
<testng-results ignored="0" total="6" passed="6" failed="0" skipped="0">
  <reporter-output>
  </reporter-output>
  <suite started-at="2022-11-17T11:48:10 IST" name="Client Report" finished-at="2022-11-17T11:48:56 IST" duration-ms="46007">
    <groups>
    </groups>
    <test started-at="2022-11-17T11:48:10 IST" name="Automation Test" finished-at="2022-11-17T11:48:56 IST" duration-ms="46007">
      <class name="com.mohs10.Report.PDFReportTest">
        <test-method signature="f()[pri:0, instance:com.mohs10.Report.PDFReportTest@1500b2f3]" started-at="2022-11-17T11:48:55 IST" name="f" finished-at="2022-11-17T11:48:56 IST" duration-ms="858" status="PASS">
          <reporter-output>
          </reporter-output>
        </test-method> <!-- f -->
      </class> <!-- com.mohs10.Report.PDFReportTest -->
      <class name="com.mohs10.scripts.HomeTest">
        <test-method is-config="true" signature="generateReport()[pri:0, instance:com.mohs10.scripts.HomeTest@446a1e84]" started-at="2022-11-17T11:48:10 IST" name="generateReport" finished-at="2022-11-17T11:48:10 IST" duration-ms="479" status="PASS">
          <reporter-output>
          </reporter-output>
        </test-method> <!-- generateReport -->
        <test-method is-config="true" signature="beforeClass()[pri:0, instance:com.mohs10.scripts.HomeTest@446a1e84]" started-at="2022-11-17T11:48:10 IST" name="beforeClass" finished-at="2022-11-17T11:48:13 IST" duration-ms="2692" status="PASS">
          <reporter-output>
          </reporter-output>
        </test-method> <!-- beforeClass -->
        <test-method is-config="true" signature="methodName(java.lang.reflect.Method)[pri:0, instance:com.mohs10.scripts.HomeTest@446a1e84]" started-at="2022-11-17T11:48:13 IST" name="methodName" finished-at="2022-11-17T11:48:13 IST" duration-ms="13" status="PASS">
          <params>
            <param index="0">
              <value>
                <![CDATA[public void com.mohs10.scripts.HomeTest.LoginPageTestCase() throws java.lang.Exception]]>
              </value>
            </param>
          </params>
          <reporter-output>
          </reporter-output>
        </test-method> <!-- methodName -->
        <test-method signature="LoginPageTestCase()[pri:0, instance:com.mohs10.scripts.HomeTest@446a1e84]" started-at="2022-11-17T11:48:13 IST" name="LoginPageTestCase" finished-at="2022-11-17T11:48:25 IST" duration-ms="12317" status="PASS">
          <reporter-output>
          </reporter-output>
        </test-method> <!-- LoginPageTestCase -->
        <test-method is-config="true" signature="methodName(java.lang.reflect.Method)[pri:0, instance:com.mohs10.scripts.HomeTest@446a1e84]" started-at="2022-11-17T11:48:25 IST" name="methodName" finished-at="2022-11-17T11:48:25 IST" duration-ms="1" status="PASS">
          <params>
            <param index="0">
              <value>
                <![CDATA[public void com.mohs10.scripts.HomeTest.GotoDashboard() throws java.lang.Exception]]>
              </value>
            </param>
          </params>
          <reporter-output>
          </reporter-output>
        </test-method> <!-- methodName -->
        <test-method signature="GotoDashboard()[pri:1, instance:com.mohs10.scripts.HomeTest@446a1e84]" started-at="2022-11-17T11:48:25 IST" name="GotoDashboard" finished-at="2022-11-17T11:48:30 IST" duration-ms="5269" status="PASS">
          <reporter-output>
          </reporter-output>
        </test-method> <!-- GotoDashboard -->
        <test-method is-config="true" signature="methodName(java.lang.reflect.Method)[pri:0, instance:com.mohs10.scripts.HomeTest@446a1e84]" started-at="2022-11-17T11:48:30 IST" name="methodName" finished-at="2022-11-17T11:48:30 IST" duration-ms="1" status="PASS">
          <params>
            <param index="0">
              <value>
                <![CDATA[public void com.mohs10.scripts.HomeTest.PhcUser_TestCase() throws java.lang.Exception]]>
              </value>
            </param>
          </params>
          <reporter-output>
          </reporter-output>
        </test-method> <!-- methodName -->
        <test-method signature="PhcUser_TestCase()[pri:2, instance:com.mohs10.scripts.HomeTest@446a1e84]" started-at="2022-11-17T11:48:30 IST" name="PhcUser_TestCase" finished-at="2022-11-17T11:48:37 IST" duration-ms="7048" status="PASS">
          <reporter-output>
          </reporter-output>
        </test-method> <!-- PhcUser_TestCase -->
        <test-method is-config="true" signature="methodName(java.lang.reflect.Method)[pri:0, instance:com.mohs10.scripts.HomeTest@446a1e84]" started-at="2022-11-17T11:48:37 IST" name="methodName" finished-at="2022-11-17T11:48:37 IST" duration-ms="1" status="PASS">
          <params>
            <param index="0">
              <value>
                <![CDATA[public void com.mohs10.scripts.HomeTest.ListHealthSeeker_TestCase() throws java.lang.Exception]]>
              </value>
            </param>
          </params>
          <reporter-output>
          </reporter-output>
        </test-method> <!-- methodName -->
        <test-method signature="ListHealthSeeker_TestCase()[pri:3, instance:com.mohs10.scripts.HomeTest@446a1e84]" started-at="2022-11-17T11:48:37 IST" name="ListHealthSeeker_TestCase" finished-at="2022-11-17T11:48:45 IST" duration-ms="7402" status="PASS">
          <reporter-output>
          </reporter-output>
        </test-method> <!-- ListHealthSeeker_TestCase -->
        <test-method is-config="true" signature="methodName(java.lang.reflect.Method)[pri:0, instance:com.mohs10.scripts.HomeTest@446a1e84]" started-at="2022-11-17T11:48:45 IST" name="methodName" finished-at="2022-11-17T11:48:45 IST" duration-ms="2" status="PASS">
          <params>
            <param index="0">
              <value>
                <![CDATA[public void com.mohs10.scripts.HomeTest.Preg_mother_TestCase() throws java.lang.Exception]]>
              </value>
            </param>
          </params>
          <reporter-output>
          </reporter-output>
        </test-method> <!-- methodName -->
        <test-method signature="Preg_mother_TestCase()[pri:4, instance:com.mohs10.scripts.HomeTest@446a1e84]" started-at="2022-11-17T11:48:45 IST" name="Preg_mother_TestCase" finished-at="2022-11-17T11:48:54 IST" duration-ms="8849" status="PASS">
          <reporter-output>
          </reporter-output>
        </test-method> <!-- Preg_mother_TestCase -->
        <test-method is-config="true" signature="afterClass()[pri:0, instance:com.mohs10.scripts.HomeTest@446a1e84]" started-at="2022-11-17T11:48:54 IST" name="afterClass" finished-at="2022-11-17T11:48:55 IST" duration-ms="988" status="PASS">
          <reporter-output>
          </reporter-output>
        </test-method> <!-- afterClass -->
      </class> <!-- com.mohs10.scripts.HomeTest -->
    </test> <!-- Automation Test -->
  </suite> <!-- Client Report -->
</testng-results>
