<?xml version="1.0" encoding="UTF-8"?>
<!-- Generated by org.testng.reporters.JUnitXMLReporter -->
<testsuite ignored="0" hostname="kemas" failures="0" tests="6" name="Automation Test" time="46.007" errors="0" timestamp="2022-11-17T11:48:56 IST">
  <testcase classname="com.mohs10.scripts.HomeTest" name="LoginPageTestCase" time="12.317"/>
  <testcase classname="com.mohs10.scripts.HomeTest" name="GotoDashboard" time="5.269"/>
  <testcase classname="com.mohs10.scripts.HomeTest" name="PhcUser_TestCase" time="7.048"/>
  <testcase classname="com.mohs10.scripts.HomeTest" name="ListHealthSeeker_TestCase" time="7.402"/>
  <testcase classname="com.mohs10.scripts.HomeTest" name="Preg_mother_TestCase" time="8.849"/>
  <testcase classname="com.mohs10.Report.PDFReportTest" name="f" time="0.858"/>
</testsuite> <!-- Automation Test -->
